---------------------------------------------------------------
[ 2019-09-28T20:33:01+08:00 ] 0.0.0.0 GET login.tp5.com/index/index/login
[ error ] [0]模板文件不存在:/Users/cenglingwen/Projects/Tp5Projects/extends/tp5-login/demo/public/../application/index/view/index/login.html
---------------------------------------------------------------
[ 2019-09-28T20:33:30+08:00 ] 0.0.0.0 GET login.tp5.com/index/index/login
[运行时间：0.032744s] [吞吐率：30.54req/s] [内存消耗：1,287.59kb] [文件加载：34]
[ info ] [ LANG ] /Users/cenglingwen/Projects/Tp5Projects/extends/tp5-login/demo/thinkphp/lang/zh-cn.php
[ info ] [ ROUTE ] array (
  'type' => 'module',
  'module' => 
  array (
    0 => 'index',
    1 => 'index',
    2 => 'login',
  ),
)
[ info ] [ HEADER ] array (
  'host' => 'login.tp5.com',
  'connection' => 'keep-alive',
  'cache-control' => 'max-age=0',
  'upgrade-insecure-requests' => '1',
  'user-agent' => 'Mozilla/5.0 (Macintosh; Intel Mac OS X 10_14_6) AppleWebKit/537.36 (KHTML, like Gecko) Chrome/77.0.3865.90 Safari/537.36',
  'accept' => 'text/html,application/xhtml+xml,application/xml;q=0.9,image/webp,image/apng,*/*;q=0.8,application/signed-exchange;v=b3',
  'accept-encoding' => 'gzip, deflate',
  'accept-language' => 'zh-CN,zh;q=0.9,en;q=0.8',
  'cookie' => 'pgv_pvi=3864543232; pgv_si=s4695169024',
)
[ info ] [ PARAM ] array (
)
[ info ] [ RUN ] app\index\controller\Index->login[ /Users/cenglingwen/Projects/Tp5Projects/extends/tp5-login/demo/application/index/controller/Index.php ]
[ info ] [ LOG ] INIT File
[ error ] [0]模板文件不存在:/Users/cenglingwen/Projects/Tp5Projects/extends/tp5-login/demo/public/../application/index/view/index/login.html[/Users/cenglingwen/Projects/Tp5Projects/extends/tp5-login/demo/thinkphp/library/think/view/driver/Think.php:82]
---------------------------------------------------------------
[ 2019-09-28T20:35:07+08:00 ] 0.0.0.0 GET login.tp5.com/index/login/index
[运行时间：0.029098s] [吞吐率：34.37req/s] [内存消耗：1,019.15kb] [文件加载：26]
[ info ] [ LANG ] /Users/cenglingwen/Projects/Tp5Projects/extends/tp5-login/demo/thinkphp/lang/zh-cn.php
[ info ] [ ROUTE ] array (
  'type' => 'module',
  'module' => 
  array (
    0 => 'index',
    1 => 'login',
    2 => 'index',
  ),
)
[ info ] [ HEADER ] array (
  'host' => 'login.tp5.com',
  'connection' => 'keep-alive',
  'upgrade-insecure-requests' => '1',
  'user-agent' => 'Mozilla/5.0 (Macintosh; Intel Mac OS X 10_14_6) AppleWebKit/537.36 (KHTML, like Gecko) Chrome/77.0.3865.90 Safari/537.36',
  'accept' => 'text/html,application/xhtml+xml,application/xml;q=0.9,image/webp,image/apng,*/*;q=0.8,application/signed-exchange;v=b3',
  'accept-encoding' => 'gzip, deflate',
  'accept-language' => 'zh-CN,zh;q=0.9,en;q=0.8',
  'cookie' => 'pgv_pvi=3864543232; pgv_si=s4695169024',
)
[ info ] [ PARAM ] array (
)
[ info ] [ RUN ] app\index\controller\Login->index[ /Users/cenglingwen/Projects/Tp5Projects/extends/tp5-login/demo/application/index/controller/Login.php ]
[ info ] [ LOG ] INIT File
---------------------------------------------------------------
[ 2019-09-28T20:35:25+08:00 ] 0.0.0.0 GET login.tp5.com/index/login/index
[运行时间：0.030668s] [吞吐率：32.61req/s] [内存消耗：1,287.43kb] [文件加载：34]
[ info ] [ LANG ] /Users/cenglingwen/Projects/Tp5Projects/extends/tp5-login/demo/thinkphp/lang/zh-cn.php
[ info ] [ ROUTE ] array (
  'type' => 'module',
  'module' => 
  array (
    0 => 'index',
    1 => 'login',
    2 => 'index',
  ),
)
[ info ] [ HEADER ] array (
  'host' => 'login.tp5.com',
  'connection' => 'keep-alive',
  'cache-control' => 'max-age=0',
  'upgrade-insecure-requests' => '1',
  'user-agent' => 'Mozilla/5.0 (Macintosh; Intel Mac OS X 10_14_6) AppleWebKit/537.36 (KHTML, like Gecko) Chrome/77.0.3865.90 Safari/537.36',
  'accept' => 'text/html,application/xhtml+xml,application/xml;q=0.9,image/webp,image/apng,*/*;q=0.8,application/signed-exchange;v=b3',
  'accept-encoding' => 'gzip, deflate',
  'accept-language' => 'zh-CN,zh;q=0.9,en;q=0.8',
  'cookie' => 'pgv_pvi=3864543232; pgv_si=s4695169024',
)
[ info ] [ PARAM ] array (
)
[ info ] [ RUN ] app\index\controller\Login->index[ /Users/cenglingwen/Projects/Tp5Projects/extends/tp5-login/demo/application/index/controller/Login.php ]
[ info ] [ LOG ] INIT File
[ error ] [0]模板文件不存在:/Users/cenglingwen/Projects/Tp5Projects/extends/tp5-login/demo/public/../application/index/view/login/index.html[/Users/cenglingwen/Projects/Tp5Projects/extends/tp5-login/demo/thinkphp/library/think/view/driver/Think.php:82]
---------------------------------------------------------------
[ 2019-09-28T20:35:51+08:00 ] 0.0.0.0 GET login.tp5.com/index/login/index
[运行时间：0.041822s] [吞吐率：23.91req/s] [内存消耗：1,369.02kb] [文件加载：34]
[ info ] [ LANG ] /Users/cenglingwen/Projects/Tp5Projects/extends/tp5-login/demo/thinkphp/lang/zh-cn.php
[ info ] [ ROUTE ] array (
  'type' => 'module',
  'module' => 
  array (
    0 => 'index',
    1 => 'login',
    2 => 'index',
  ),
)
[ info ] [ HEADER ] array (
  'host' => 'login.tp5.com',
  'connection' => 'keep-alive',
  'cache-control' => 'max-age=0',
  'upgrade-insecure-requests' => '1',
  'user-agent' => 'Mozilla/5.0 (Macintosh; Intel Mac OS X 10_14_6) AppleWebKit/537.36 (KHTML, like Gecko) Chrome/77.0.3865.90 Safari/537.36',
  'accept' => 'text/html,application/xhtml+xml,application/xml;q=0.9,image/webp,image/apng,*/*;q=0.8,application/signed-exchange;v=b3',
  'accept-encoding' => 'gzip, deflate',
  'accept-language' => 'zh-CN,zh;q=0.9,en;q=0.8',
  'cookie' => 'pgv_pvi=3864543232; pgv_si=s4695169024',
)
[ info ] [ PARAM ] array (
)
[ info ] [ RUN ] app\index\controller\Login->index[ /Users/cenglingwen/Projects/Tp5Projects/extends/tp5-login/demo/application/index/controller/Login.php ]
[ info ] [ VIEW ] /Users/cenglingwen/Projects/Tp5Projects/extends/tp5-login/demo/public/../application/index/view/login/index.html [ array (
) ]
[ info ] [ LOG ] INIT File
---------------------------------------------------------------
[ 2019-09-28T20:36:28+08:00 ] 0.0.0.0 GET login.tp5.com/index/login/index
[运行时间：0.025258s] [吞吐率：39.59req/s] [内存消耗：1,369.17kb] [文件加载：34]
[ info ] [ LANG ] /Users/cenglingwen/Projects/Tp5Projects/extends/tp5-login/demo/thinkphp/lang/zh-cn.php
[ info ] [ ROUTE ] array (
  'type' => 'module',
  'module' => 
  array (
    0 => 'index',
    1 => 'login',
    2 => 'index',
  ),
)
[ info ] [ HEADER ] array (
  'host' => 'login.tp5.com',
  'connection' => 'keep-alive',
  'cache-control' => 'max-age=0',
  'upgrade-insecure-requests' => '1',
  'user-agent' => 'Mozilla/5.0 (Macintosh; Intel Mac OS X 10_14_6) AppleWebKit/537.36 (KHTML, like Gecko) Chrome/77.0.3865.90 Safari/537.36',
  'accept' => 'text/html,application/xhtml+xml,application/xml;q=0.9,image/webp,image/apng,*/*;q=0.8,application/signed-exchange;v=b3',
  'accept-encoding' => 'gzip, deflate',
  'accept-language' => 'zh-CN,zh;q=0.9,en;q=0.8',
  'cookie' => 'pgv_pvi=3864543232; pgv_si=s4695169024',
)
[ info ] [ PARAM ] array (
)
[ info ] [ RUN ] app\index\controller\Login->index[ /Users/cenglingwen/Projects/Tp5Projects/extends/tp5-login/demo/application/index/controller/Login.php ]
[ info ] [ VIEW ] /Users/cenglingwen/Projects/Tp5Projects/extends/tp5-login/demo/public/../application/index/view/login/index.html [ array (
) ]
[ info ] [ LOG ] INIT File
---------------------------------------------------------------
[ 2019-09-28T20:41:09+08:00 ] 0.0.0.0 GET login.tp5.com/index/login/index
[运行时间：0.036549s] [吞吐率：27.36req/s] [内存消耗：1,376.20kb] [文件加载：34]
[ info ] [ LANG ] /Users/cenglingwen/Projects/Tp5Projects/extends/tp5-login/demo/thinkphp/lang/zh-cn.php
[ info ] [ ROUTE ] array (
  'type' => 'module',
  'module' => 
  array (
    0 => 'index',
    1 => 'login',
    2 => 'index',
  ),
)
[ info ] [ HEADER ] array (
  'host' => 'login.tp5.com',
  'connection' => 'keep-alive',
  'cache-control' => 'max-age=0',
  'upgrade-insecure-requests' => '1',
  'user-agent' => 'Mozilla/5.0 (Macintosh; Intel Mac OS X 10_14_6) AppleWebKit/537.36 (KHTML, like Gecko) Chrome/77.0.3865.90 Safari/537.36',
  'accept' => 'text/html,application/xhtml+xml,application/xml;q=0.9,image/webp,image/apng,*/*;q=0.8,application/signed-exchange;v=b3',
  'accept-encoding' => 'gzip, deflate',
  'accept-language' => 'zh-CN,zh;q=0.9,en;q=0.8',
  'cookie' => 'pgv_pvi=3864543232; pgv_si=s4695169024',
)
[ info ] [ PARAM ] array (
)
[ info ] [ RUN ] app\index\controller\Login->index[ /Users/cenglingwen/Projects/Tp5Projects/extends/tp5-login/demo/application/index/controller/Login.php ]
[ info ] [ VIEW ] /Users/cenglingwen/Projects/Tp5Projects/extends/tp5-login/demo/public/../application/index/view/login/index.html [ array (
) ]
[ info ] [ LOG ] INIT File
---------------------------------------------------------------
[ 2019-09-28T20:41:12+08:00 ] 0.0.0.0 GET login.tp5.com/index/login/favicon.ico
[运行时间：0.024601s] [吞吐率：40.65req/s] [内存消耗：1,063.60kb] [文件加载：29]
[ info ] [ LANG ] /Users/cenglingwen/Projects/Tp5Projects/extends/tp5-login/demo/thinkphp/lang/zh-cn.php
[ info ] [ ROUTE ] array (
  'type' => 'module',
  'module' => 
  array (
    0 => 'index',
    1 => 'login',
    2 => 'favicon.ico',
  ),
)
[ info ] [ HEADER ] array (
  'host' => 'login.tp5.com',
  'connection' => 'keep-alive',
  'pragma' => 'no-cache',
  'cache-control' => 'no-cache',
  'user-agent' => 'Mozilla/5.0 (Macintosh; Intel Mac OS X 10_14_6) AppleWebKit/537.36 (KHTML, like Gecko) Chrome/77.0.3865.90 Safari/537.36',
  'accept' => 'image/webp,image/apng,image/*,*/*;q=0.8',
  'referer' => 'http://login.tp5.com/index/login/index',
  'accept-encoding' => 'gzip, deflate',
  'accept-language' => 'zh-CN,zh;q=0.9,en;q=0.8',
  'cookie' => 'pgv_pvi=3864543232; pgv_si=s4695169024',
)
[ info ] [ PARAM ] array (
)
[ info ] [ LOG ] INIT File
---------------------------------------------------------------
[ 2019-09-28T20:42:10+08:00 ] 0.0.0.0 GET login.tp5.com/index/login/index
[运行时间：0.045664s] [吞吐率：21.90req/s] [内存消耗：1,428.91kb] [文件加载：35]
[ info ] [ LANG ] /Users/cenglingwen/Projects/Tp5Projects/extends/tp5-login/demo/thinkphp/lang/zh-cn.php
[ info ] [ ROUTE ] array (
  'type' => 'module',
  'module' => 
  array (
    0 => 'index',
    1 => 'login',
    2 => 'index',
  ),
)
[ info ] [ HEADER ] array (
  'host' => 'login.tp5.com',
  'connection' => 'keep-alive',
  'cache-control' => 'max-age=0',
  'upgrade-insecure-requests' => '1',
  'user-agent' => 'Mozilla/5.0 (Macintosh; Intel Mac OS X 10_14_6) AppleWebKit/537.36 (KHTML, like Gecko) Chrome/77.0.3865.90 Safari/537.36',
  'accept' => 'text/html,application/xhtml+xml,application/xml;q=0.9,image/webp,image/apng,*/*;q=0.8,application/signed-exchange;v=b3',
  'accept-encoding' => 'gzip, deflate',
  'accept-language' => 'zh-CN,zh;q=0.9,en;q=0.8',
  'cookie' => 'pgv_pvi=3864543232; pgv_si=s4695169024',
)
[ info ] [ PARAM ] array (
)
[ info ] [ RUN ] app\index\controller\Login->index[ /Users/cenglingwen/Projects/Tp5Projects/extends/tp5-login/demo/application/index/controller/Login.php ]
[ info ] [ VIEW ] /Users/cenglingwen/Projects/Tp5Projects/extends/tp5-login/demo/public/../application/index/view/login/index.html [ array (
) ]
[ info ] [ LOG ] INIT File
---------------------------------------------------------------
[ 2019-09-28T20:55:46+08:00 ] 0.0.0.0 GET login.tp5.com/index/login/test
[运行时间：0.039487s] [吞吐率：25.32req/s] [内存消耗：1,105.60kb] [文件加载：29]
[ info ] [ LANG ] /Users/cenglingwen/Projects/Tp5Projects/extends/tp5-login/demo/thinkphp/lang/zh-cn.php
[ info ] [ ROUTE ] array (
  'type' => 'module',
  'module' => 
  array (
    0 => 'index',
    1 => 'login',
    2 => 'test',
  ),
)
[ info ] [ HEADER ] array (
  'host' => 'login.tp5.com',
  'connection' => 'keep-alive',
  'upgrade-insecure-requests' => '1',
  'user-agent' => 'Mozilla/5.0 (Macintosh; Intel Mac OS X 10_14_6) AppleWebKit/537.36 (KHTML, like Gecko) Chrome/77.0.3865.90 Safari/537.36',
  'accept' => 'text/html,application/xhtml+xml,application/xml;q=0.9,image/webp,image/apng,*/*;q=0.8,application/signed-exchange;v=b3',
  'accept-encoding' => 'gzip, deflate',
  'accept-language' => 'zh-CN,zh;q=0.9,en;q=0.8',
  'cookie' => 'pgv_pvi=3864543232; pgv_si=s4695169024',
)
[ info ] [ PARAM ] array (
)
[ info ] [ LOG ] INIT File
[ error ] [64]Cannot declare class app\index\controller\Login because the name is already in use[/Users/cenglingwen/Projects/Tp5Projects/extends/tp5-login/demo/application/index/controller/Login.php:7]
---------------------------------------------------------------
[ 2019-09-28T20:56:16+08:00 ] 0.0.0.0 GET login.tp5.com/index/login/test
[运行时间：0.024416s] [吞吐率：40.96req/s] [内存消耗：1,106.24kb] [文件加载：29]
[ info ] [ LANG ] /Users/cenglingwen/Projects/Tp5Projects/extends/tp5-login/demo/thinkphp/lang/zh-cn.php
[ info ] [ ROUTE ] array (
  'type' => 'module',
  'module' => 
  array (
    0 => 'index',
    1 => 'login',
    2 => 'test',
  ),
)
[ info ] [ HEADER ] array (
  'host' => 'login.tp5.com',
  'connection' => 'keep-alive',
  'cache-control' => 'max-age=0',
  'upgrade-insecure-requests' => '1',
  'user-agent' => 'Mozilla/5.0 (Macintosh; Intel Mac OS X 10_14_6) AppleWebKit/537.36 (KHTML, like Gecko) Chrome/77.0.3865.90 Safari/537.36',
  'accept' => 'text/html,application/xhtml+xml,application/xml;q=0.9,image/webp,image/apng,*/*;q=0.8,application/signed-exchange;v=b3',
  'accept-encoding' => 'gzip, deflate',
  'accept-language' => 'zh-CN,zh;q=0.9,en;q=0.8',
  'cookie' => 'pgv_pvi=3864543232; pgv_si=s4695169024',
)
[ info ] [ PARAM ] array (
)
[ info ] [ LOG ] INIT File
[ error ] [64]Cannot declare class app\index\controller\Login because the name is already in use[/Users/cenglingwen/Projects/Tp5Projects/extends/tp5-login/demo/application/index/controller/Login.php:7]
---------------------------------------------------------------
[ 2019-09-28T20:57:48+08:00 ] 0.0.0.0 GET login.tp5.com/index/login/test
[运行时间：0.027077s] [吞吐率：36.93req/s] [内存消耗：1,068.15kb] [文件加载：29]
[ info ] [ LANG ] /Users/cenglingwen/Projects/Tp5Projects/extends/tp5-login/demo/thinkphp/lang/zh-cn.php
[ info ] [ ROUTE ] array (
  'type' => 'module',
  'module' => 
  array (
    0 => 'index',
    1 => 'login',
    2 => 'test',
  ),
)
[ info ] [ HEADER ] array (
  'host' => 'login.tp5.com',
  'connection' => 'keep-alive',
  'cache-control' => 'max-age=0',
  'upgrade-insecure-requests' => '1',
  'user-agent' => 'Mozilla/5.0 (Macintosh; Intel Mac OS X 10_14_6) AppleWebKit/537.36 (KHTML, like Gecko) Chrome/77.0.3865.90 Safari/537.36',
  'accept' => 'text/html,application/xhtml+xml,application/xml;q=0.9,image/webp,image/apng,*/*;q=0.8,application/signed-exchange;v=b3',
  'accept-encoding' => 'gzip, deflate',
  'accept-language' => 'zh-CN,zh;q=0.9,en;q=0.8',
  'cookie' => 'pgv_pvi=3864543232; pgv_si=s4695169024',
)
[ info ] [ PARAM ] array (
)
[ info ] [ LOG ] INIT File
[ error ] [0]致命错误: Class 'joeWstudio\login\Login' not found[/Users/cenglingwen/Projects/Tp5Projects/extends/tp5-login/demo/application/index/controller/Login.php:12]
---------------------------------------------------------------
[ 2019-09-28T20:58:05+08:00 ] 0.0.0.0 GET login.tp5.com/index/login/test
[运行时间：0.027433s] [吞吐率：36.45req/s] [内存消耗：1,068.15kb] [文件加载：29]
[ info ] [ LANG ] /Users/cenglingwen/Projects/Tp5Projects/extends/tp5-login/demo/thinkphp/lang/zh-cn.php
[ info ] [ ROUTE ] array (
  'type' => 'module',
  'module' => 
  array (
    0 => 'index',
    1 => 'login',
    2 => 'test',
  ),
)
[ info ] [ HEADER ] array (
  'host' => 'login.tp5.com',
  'connection' => 'keep-alive',
  'cache-control' => 'max-age=0',
  'upgrade-insecure-requests' => '1',
  'user-agent' => 'Mozilla/5.0 (Macintosh; Intel Mac OS X 10_14_6) AppleWebKit/537.36 (KHTML, like Gecko) Chrome/77.0.3865.90 Safari/537.36',
  'accept' => 'text/html,application/xhtml+xml,application/xml;q=0.9,image/webp,image/apng,*/*;q=0.8,application/signed-exchange;v=b3',
  'accept-encoding' => 'gzip, deflate',
  'accept-language' => 'zh-CN,zh;q=0.9,en;q=0.8',
  'cookie' => 'pgv_pvi=3864543232; pgv_si=s4695169024',
)
[ info ] [ PARAM ] array (
)
[ info ] [ LOG ] INIT File
[ error ] [0]致命错误: Class 'joeStudio\login\Login' not found[/Users/cenglingwen/Projects/Tp5Projects/extends/tp5-login/demo/application/index/controller/Login.php:12]
---------------------------------------------------------------
[ 2019-09-28T20:58:06+08:00 ] 0.0.0.0 GET login.tp5.com/index/login/test
[运行时间：0.024312s] [吞吐率：41.13req/s] [内存消耗：1,068.15kb] [文件加载：29]
[ info ] [ LANG ] /Users/cenglingwen/Projects/Tp5Projects/extends/tp5-login/demo/thinkphp/lang/zh-cn.php
[ info ] [ ROUTE ] array (
  'type' => 'module',
  'module' => 
  array (
    0 => 'index',
    1 => 'login',
    2 => 'test',
  ),
)
[ info ] [ HEADER ] array (
  'host' => 'login.tp5.com',
  'connection' => 'keep-alive',
  'cache-control' => 'max-age=0',
  'upgrade-insecure-requests' => '1',
  'user-agent' => 'Mozilla/5.0 (Macintosh; Intel Mac OS X 10_14_6) AppleWebKit/537.36 (KHTML, like Gecko) Chrome/77.0.3865.90 Safari/537.36',
  'accept' => 'text/html,application/xhtml+xml,application/xml;q=0.9,image/webp,image/apng,*/*;q=0.8,application/signed-exchange;v=b3',
  'accept-encoding' => 'gzip, deflate',
  'accept-language' => 'zh-CN,zh;q=0.9,en;q=0.8',
  'cookie' => 'pgv_pvi=3864543232; pgv_si=s4695169024',
)
[ info ] [ PARAM ] array (
)
[ info ] [ LOG ] INIT File
[ error ] [0]致命错误: Class 'joeStudio\login\Login' not found[/Users/cenglingwen/Projects/Tp5Projects/extends/tp5-login/demo/application/index/controller/Login.php:12]
---------------------------------------------------------------
[ 2019-09-28T21:00:07+08:00 ] 0.0.0.0 GET login.tp5.com/index/login/test
[运行时间：0.028172s] [吞吐率：35.50req/s] [内存消耗：1,068.15kb] [文件加载：29]
[ info ] [ LANG ] /Users/cenglingwen/Projects/Tp5Projects/extends/tp5-login/demo/thinkphp/lang/zh-cn.php
[ info ] [ ROUTE ] array (
  'type' => 'module',
  'module' => 
  array (
    0 => 'index',
    1 => 'login',
    2 => 'test',
  ),
)
[ info ] [ HEADER ] array (
  'host' => 'login.tp5.com',
  'connection' => 'keep-alive',
  'cache-control' => 'max-age=0',
  'upgrade-insecure-requests' => '1',
  'user-agent' => 'Mozilla/5.0 (Macintosh; Intel Mac OS X 10_14_6) AppleWebKit/537.36 (KHTML, like Gecko) Chrome/77.0.3865.90 Safari/537.36',
  'accept' => 'text/html,application/xhtml+xml,application/xml;q=0.9,image/webp,image/apng,*/*;q=0.8,application/signed-exchange;v=b3',
  'accept-encoding' => 'gzip, deflate',
  'accept-language' => 'zh-CN,zh;q=0.9,en;q=0.8',
  'cookie' => 'pgv_pvi=3864543232; pgv_si=s4695169024',
)
[ info ] [ PARAM ] array (
)
[ info ] [ LOG ] INIT File
[ error ] [0]致命错误: Class 'joeStudio\login\Login' not found[/Users/cenglingwen/Projects/Tp5Projects/extends/tp5-login/demo/application/index/controller/Login.php:12]
---------------------------------------------------------------
[ 2019-09-28T21:00:08+08:00 ] 0.0.0.0 GET login.tp5.com/index/login/test
[运行时间：0.024324s] [吞吐率：41.11req/s] [内存消耗：1,068.15kb] [文件加载：29]
[ info ] [ LANG ] /Users/cenglingwen/Projects/Tp5Projects/extends/tp5-login/demo/thinkphp/lang/zh-cn.php
[ info ] [ ROUTE ] array (
  'type' => 'module',
  'module' => 
  array (
    0 => 'index',
    1 => 'login',
    2 => 'test',
  ),
)
[ info ] [ HEADER ] array (
  'host' => 'login.tp5.com',
  'connection' => 'keep-alive',
  'cache-control' => 'max-age=0',
  'upgrade-insecure-requests' => '1',
  'user-agent' => 'Mozilla/5.0 (Macintosh; Intel Mac OS X 10_14_6) AppleWebKit/537.36 (KHTML, like Gecko) Chrome/77.0.3865.90 Safari/537.36',
  'accept' => 'text/html,application/xhtml+xml,application/xml;q=0.9,image/webp,image/apng,*/*;q=0.8,application/signed-exchange;v=b3',
  'accept-encoding' => 'gzip, deflate',
  'accept-language' => 'zh-CN,zh;q=0.9,en;q=0.8',
  'cookie' => 'pgv_pvi=3864543232; pgv_si=s4695169024',
)
[ info ] [ PARAM ] array (
)
[ info ] [ LOG ] INIT File
[ error ] [0]致命错误: Class 'joeStudio\login\Login' not found[/Users/cenglingwen/Projects/Tp5Projects/extends/tp5-login/demo/application/index/controller/Login.php:12]
---------------------------------------------------------------
[ 2019-09-28T21:00:55+08:00 ] 0.0.0.0 GET login.tp5.com/index/login/test
[运行时间：0.031551s] [吞吐率：31.69req/s] [内存消耗：1,068.15kb] [文件加载：29]
[ info ] [ LANG ] /Users/cenglingwen/Projects/Tp5Projects/extends/tp5-login/demo/thinkphp/lang/zh-cn.php
[ info ] [ ROUTE ] array (
  'type' => 'module',
  'module' => 
  array (
    0 => 'index',
    1 => 'login',
    2 => 'test',
  ),
)
[ info ] [ HEADER ] array (
  'host' => 'login.tp5.com',
  'connection' => 'keep-alive',
  'cache-control' => 'max-age=0',
  'upgrade-insecure-requests' => '1',
  'user-agent' => 'Mozilla/5.0 (Macintosh; Intel Mac OS X 10_14_6) AppleWebKit/537.36 (KHTML, like Gecko) Chrome/77.0.3865.90 Safari/537.36',
  'accept' => 'text/html,application/xhtml+xml,application/xml;q=0.9,image/webp,image/apng,*/*;q=0.8,application/signed-exchange;v=b3',
  'accept-encoding' => 'gzip, deflate',
  'accept-language' => 'zh-CN,zh;q=0.9,en;q=0.8',
  'cookie' => 'pgv_pvi=3864543232; pgv_si=s4695169024',
)
[ info ] [ PARAM ] array (
)
[ info ] [ LOG ] INIT File
[ error ] [0]致命错误: Class 'joeStudio\login\Login' not found[/Users/cenglingwen/Projects/Tp5Projects/extends/tp5-login/demo/application/index/controller/Login.php:12]
---------------------------------------------------------------
[ 2019-09-28T21:00:56+08:00 ] 0.0.0.0 GET login.tp5.com/index/login/test
[运行时间：0.026614s] [吞吐率：37.57req/s] [内存消耗：1,068.15kb] [文件加载：29]
[ info ] [ LANG ] /Users/cenglingwen/Projects/Tp5Projects/extends/tp5-login/demo/thinkphp/lang/zh-cn.php
[ info ] [ ROUTE ] array (
  'type' => 'module',
  'module' => 
  array (
    0 => 'index',
    1 => 'login',
    2 => 'test',
  ),
)
[ info ] [ HEADER ] array (
  'host' => 'login.tp5.com',
  'connection' => 'keep-alive',
  'cache-control' => 'max-age=0',
  'upgrade-insecure-requests' => '1',
  'user-agent' => 'Mozilla/5.0 (Macintosh; Intel Mac OS X 10_14_6) AppleWebKit/537.36 (KHTML, like Gecko) Chrome/77.0.3865.90 Safari/537.36',
  'accept' => 'text/html,application/xhtml+xml,application/xml;q=0.9,image/webp,image/apng,*/*;q=0.8,application/signed-exchange;v=b3',
  'accept-encoding' => 'gzip, deflate',
  'accept-language' => 'zh-CN,zh;q=0.9,en;q=0.8',
  'cookie' => 'pgv_pvi=3864543232; pgv_si=s4695169024',
)
[ info ] [ PARAM ] array (
)
[ info ] [ LOG ] INIT File
[ error ] [0]致命错误: Class 'joeStudio\login\Login' not found[/Users/cenglingwen/Projects/Tp5Projects/extends/tp5-login/demo/application/index/controller/Login.php:12]
---------------------------------------------------------------
[ 2019-09-28T21:01:58+08:00 ] 0.0.0.0 GET login.tp5.com/index/login/test
[运行时间：0.023189s] [吞吐率：43.12req/s] [内存消耗：1,068.15kb] [文件加载：29]
[ info ] [ LANG ] /Users/cenglingwen/Projects/Tp5Projects/extends/tp5-login/demo/thinkphp/lang/zh-cn.php
[ info ] [ ROUTE ] array (
  'type' => 'module',
  'module' => 
  array (
    0 => 'index',
    1 => 'login',
    2 => 'test',
  ),
)
[ info ] [ HEADER ] array (
  'host' => 'login.tp5.com',
  'connection' => 'keep-alive',
  'cache-control' => 'max-age=0',
  'upgrade-insecure-requests' => '1',
  'user-agent' => 'Mozilla/5.0 (Macintosh; Intel Mac OS X 10_14_6) AppleWebKit/537.36 (KHTML, like Gecko) Chrome/77.0.3865.90 Safari/537.36',
  'accept' => 'text/html,application/xhtml+xml,application/xml;q=0.9,image/webp,image/apng,*/*;q=0.8,application/signed-exchange;v=b3',
  'accept-encoding' => 'gzip, deflate',
  'accept-language' => 'zh-CN,zh;q=0.9,en;q=0.8',
  'cookie' => 'pgv_pvi=3864543232; pgv_si=s4695169024',
)
[ info ] [ PARAM ] array (
)
[ info ] [ LOG ] INIT File
[ error ] [0]致命错误: Class 'joeWstudio\login\Login' not found[/Users/cenglingwen/Projects/Tp5Projects/extends/tp5-login/demo/application/index/controller/Login.php:12]
---------------------------------------------------------------
[ 2019-09-28T21:02:16+08:00 ] 0.0.0.0 GET login.tp5.com/index/login/test
[运行时间：0.019688s] [吞吐率：50.79req/s] [内存消耗：1,068.15kb] [文件加载：29]
[ info ] [ LANG ] /Users/cenglingwen/Projects/Tp5Projects/extends/tp5-login/demo/thinkphp/lang/zh-cn.php
[ info ] [ ROUTE ] array (
  'type' => 'module',
  'module' => 
  array (
    0 => 'index',
    1 => 'login',
    2 => 'test',
  ),
)
[ info ] [ HEADER ] array (
  'host' => 'login.tp5.com',
  'connection' => 'keep-alive',
  'cache-control' => 'max-age=0',
  'upgrade-insecure-requests' => '1',
  'user-agent' => 'Mozilla/5.0 (Macintosh; Intel Mac OS X 10_14_6) AppleWebKit/537.36 (KHTML, like Gecko) Chrome/77.0.3865.90 Safari/537.36',
  'accept' => 'text/html,application/xhtml+xml,application/xml;q=0.9,image/webp,image/apng,*/*;q=0.8,application/signed-exchange;v=b3',
  'accept-encoding' => 'gzip, deflate',
  'accept-language' => 'zh-CN,zh;q=0.9,en;q=0.8',
  'cookie' => 'pgv_pvi=3864543232; pgv_si=s4695169024',
)
[ info ] [ PARAM ] array (
)
[ info ] [ LOG ] INIT File
[ error ] [0]致命错误: Class 'joeWstudio\login\Login' not found[/Users/cenglingwen/Projects/Tp5Projects/extends/tp5-login/demo/application/index/controller/Login.php:12]
---------------------------------------------------------------
[ 2019-09-28T21:02:17+08:00 ] 0.0.0.0 GET login.tp5.com/index/login/test
[运行时间：0.023789s] [吞吐率：42.04req/s] [内存消耗：1,068.15kb] [文件加载：29]
[ info ] [ LANG ] /Users/cenglingwen/Projects/Tp5Projects/extends/tp5-login/demo/thinkphp/lang/zh-cn.php
[ info ] [ ROUTE ] array (
  'type' => 'module',
  'module' => 
  array (
    0 => 'index',
    1 => 'login',
    2 => 'test',
  ),
)
[ info ] [ HEADER ] array (
  'host' => 'login.tp5.com',
  'connection' => 'keep-alive',
  'cache-control' => 'max-age=0',
  'upgrade-insecure-requests' => '1',
  'user-agent' => 'Mozilla/5.0 (Macintosh; Intel Mac OS X 10_14_6) AppleWebKit/537.36 (KHTML, like Gecko) Chrome/77.0.3865.90 Safari/537.36',
  'accept' => 'text/html,application/xhtml+xml,application/xml;q=0.9,image/webp,image/apng,*/*;q=0.8,application/signed-exchange;v=b3',
  'accept-encoding' => 'gzip, deflate',
  'accept-language' => 'zh-CN,zh;q=0.9,en;q=0.8',
  'cookie' => 'pgv_pvi=3864543232; pgv_si=s4695169024',
)
[ info ] [ PARAM ] array (
)
[ info ] [ LOG ] INIT File
[ error ] [0]致命错误: Class 'joeWstudio\login\Login' not found[/Users/cenglingwen/Projects/Tp5Projects/extends/tp5-login/demo/application/index/controller/Login.php:12]
---------------------------------------------------------------
[ 2019-09-28T21:02:29+08:00 ] 0.0.0.0 GET login.tp5.com/index/login/test
[运行时间：0.018378s] [吞吐率：54.41req/s] [内存消耗：1,067.87kb] [文件加载：29]
[ info ] [ LANG ] /Users/cenglingwen/Projects/Tp5Projects/extends/tp5-login/demo/thinkphp/lang/zh-cn.php
[ info ] [ ROUTE ] array (
  'type' => 'module',
  'module' => 
  array (
    0 => 'index',
    1 => 'login',
    2 => 'test',
  ),
)
[ info ] [ HEADER ] array (
  'host' => 'login.tp5.com',
  'connection' => 'keep-alive',
  'cache-control' => 'max-age=0',
  'upgrade-insecure-requests' => '1',
  'user-agent' => 'Mozilla/5.0 (Macintosh; Intel Mac OS X 10_14_6) AppleWebKit/537.36 (KHTML, like Gecko) Chrome/77.0.3865.90 Safari/537.36',
  'accept' => 'text/html,application/xhtml+xml,application/xml;q=0.9,image/webp,image/apng,*/*;q=0.8,application/signed-exchange;v=b3',
  'accept-encoding' => 'gzip, deflate',
  'accept-language' => 'zh-CN,zh;q=0.9,en;q=0.8',
  'cookie' => 'pgv_pvi=3864543232; pgv_si=s4695169024',
)
[ info ] [ PARAM ] array (
)
[ info ] [ LOG ] INIT File
[ error ] [0]致命错误: Class 'joeWstudio\login\helper\LoginHelper' not found[/Users/cenglingwen/Projects/Tp5Projects/extends/tp5-login/demo/application/index/controller/Login.php:11]
---------------------------------------------------------------
[ 2019-09-28T21:02:37+08:00 ] 0.0.0.0 GET login.tp5.com/index/login/test
[运行时间：0.030185s] [吞吐率：33.13req/s] [内存消耗：1,067.87kb] [文件加载：29]
[ info ] [ LANG ] /Users/cenglingwen/Projects/Tp5Projects/extends/tp5-login/demo/thinkphp/lang/zh-cn.php
[ info ] [ ROUTE ] array (
  'type' => 'module',
  'module' => 
  array (
    0 => 'index',
    1 => 'login',
    2 => 'test',
  ),
)
[ info ] [ HEADER ] array (
  'host' => 'login.tp5.com',
  'connection' => 'keep-alive',
  'cache-control' => 'max-age=0',
  'upgrade-insecure-requests' => '1',
  'user-agent' => 'Mozilla/5.0 (Macintosh; Intel Mac OS X 10_14_6) AppleWebKit/537.36 (KHTML, like Gecko) Chrome/77.0.3865.90 Safari/537.36',
  'accept' => 'text/html,application/xhtml+xml,application/xml;q=0.9,image/webp,image/apng,*/*;q=0.8,application/signed-exchange;v=b3',
  'accept-encoding' => 'gzip, deflate',
  'accept-language' => 'zh-CN,zh;q=0.9,en;q=0.8',
  'cookie' => 'pgv_pvi=3864543232; pgv_si=s4695169024',
)
[ info ] [ PARAM ] array (
)
[ info ] [ LOG ] INIT File
[ error ] [0]致命错误: Class 'joeStudio\login\helper\LoginHelper' not found[/Users/cenglingwen/Projects/Tp5Projects/extends/tp5-login/demo/application/index/controller/Login.php:11]
---------------------------------------------------------------
[ 2019-09-28T21:03:17+08:00 ] 0.0.0.0 GET login.tp5.com/index/login/test
[运行时间：0.020713s] [吞吐率：48.28req/s] [内存消耗：1,067.85kb] [文件加载：29]
[ info ] [ LANG ] /Users/cenglingwen/Projects/Tp5Projects/extends/tp5-login/demo/thinkphp/lang/zh-cn.php
[ info ] [ ROUTE ] array (
  'type' => 'module',
  'module' => 
  array (
    0 => 'index',
    1 => 'login',
    2 => 'test',
  ),
)
[ info ] [ HEADER ] array (
  'host' => 'login.tp5.com',
  'connection' => 'keep-alive',
  'cache-control' => 'max-age=0',
  'upgrade-insecure-requests' => '1',
  'user-agent' => 'Mozilla/5.0 (Macintosh; Intel Mac OS X 10_14_6) AppleWebKit/537.36 (KHTML, like Gecko) Chrome/77.0.3865.90 Safari/537.36',
  'accept' => 'text/html,application/xhtml+xml,application/xml;q=0.9,image/webp,image/apng,*/*;q=0.8,application/signed-exchange;v=b3',
  'accept-encoding' => 'gzip, deflate',
  'accept-language' => 'zh-CN,zh;q=0.9,en;q=0.8',
  'cookie' => 'pgv_pvi=3864543232; pgv_si=s4695169024',
)
[ info ] [ PARAM ] array (
)
[ info ] [ LOG ] INIT File
[ error ] [0]致命错误: Class 'joeStudio\login\LoginHelper' not found[/Users/cenglingwen/Projects/Tp5Projects/extends/tp5-login/demo/application/index/controller/Login.php:11]
